<?xml version="1.0" encoding="UTF-8"?>
<testsuite name="TicTacToeTest" tests="1" skipped="0" failures="0" errors="0" timestamp="2020-12-22T20:09:48" hostname="LAPTOP-UDBUAVAA" time="0.157">
  <properties/>
  <testcase name="start" classname="TicTacToeTest" time="0.157"/>
  <system-out><![CDATA[?[1;31m
Start test 1?[0m
OXX
OXX
OXX
]]></system-out>
  <system-err><![CDATA[]]></system-err>
</testsuite>
